<?xml version="1.0" encoding="UTF-8"?>
<!-- Generated by org.testng.reporters.JUnitReportReporter -->
<testsuite hostname="CHNMCT335593L" failures="0" tests="4" name="org.mycompany.TestClasses.LoginPageTest" time="49.071" errors="0" timestamp="01 Sep 2020 15:04:50 GMT" skipped="0">
  <testcase classname="org.mycompany.TestClasses.LoginPageTest" name="verifyGetLoginPageTitle" time="10.969"/>
  <testcase classname="org.mycompany.TestClasses.LoginPageTest" name="verifyGetDemoPageGuru99Header" time="13.340"/>
  <testcase classname="org.mycompany.TestClasses.LoginPageTest" name="VerifyGetLoginPageDemoSiteHeader" time="11.246"/>
  <testcase classname="org.mycompany.TestClasses.LoginPageTest" name="testLogin" time="13.516"/>
</testsuite> <!-- org.mycompany.TestClasses.LoginPageTest -->
