<?xml version="1.0" encoding="UTF-8"?>
<!-- Generated by org.testng.reporters.JUnitReportReporter -->
<testsuite hostname="CHNMCT335593L" failures="0" tests="4" name="org.mycompany.TestClasses.LoginPageTest" time="47.178" errors="0" timestamp="02 Sep 2020 13:14:53 GMT" skipped="0">
  <testcase classname="org.mycompany.TestClasses.LoginPageTest" name="verifyGetLoginPageTitle" time="9.926"/>
  <testcase classname="org.mycompany.TestClasses.LoginPageTest" name="verifyGetDemoPageGuru99Header" time="10.023"/>
  <testcase classname="org.mycompany.TestClasses.LoginPageTest" name="VerifyGetLoginPageDemoSiteHeader" time="10.437"/>
  <testcase classname="org.mycompany.TestClasses.LoginPageTest" name="testLogin" time="16.792"/>
</testsuite> <!-- org.mycompany.TestClasses.LoginPageTest -->
