<?xml version="1.0" encoding="UTF-8"?>
<!-- Generated by org.testng.reporters.JUnitReportReporter -->
<testsuite hostname="CHNMCT335593L" failures="0" tests="4" name="org.mycompany.TestClasses.LoginPageTest" time="40.049" errors="0" timestamp="02 Sep 2020 12:27:14 GMT" skipped="0">
  <testcase classname="org.mycompany.TestClasses.LoginPageTest" name="verifyGetLoginPageTitle" time="10.479"/>
  <testcase classname="org.mycompany.TestClasses.LoginPageTest" name="verifyGetDemoPageGuru99Header" time="9.308"/>
  <testcase classname="org.mycompany.TestClasses.LoginPageTest" name="VerifyGetLoginPageDemoSiteHeader" time="9.205"/>
  <testcase classname="org.mycompany.TestClasses.LoginPageTest" name="testLogin" time="11.057"/>
</testsuite> <!-- org.mycompany.TestClasses.LoginPageTest -->
